[2018-03-04 23:42:29,204] INFO Reading configuration from: config/zookeeper.properties (org.apache.zookeeper.server.quorum.QuorumPeerConfig)
[2018-03-04 23:42:29,216] INFO autopurge.snapRetainCount set to 3 (org.apache.zookeeper.server.DatadirCleanupManager)
[2018-03-04 23:42:29,216] INFO autopurge.purgeInterval set to 0 (org.apache.zookeeper.server.DatadirCleanupManager)
[2018-03-04 23:42:29,216] INFO Purge task is not scheduled. (org.apache.zookeeper.server.DatadirCleanupManager)
[2018-03-04 23:42:29,217] WARN Either no config or no quorum defined in config, running  in standalone mode (org.apache.zookeeper.server.quorum.QuorumPeerMain)
[2018-03-04 23:42:29,289] INFO Reading configuration from: config/zookeeper.properties (org.apache.zookeeper.server.quorum.QuorumPeerConfig)
[2018-03-04 23:42:29,292] INFO Starting server (org.apache.zookeeper.server.ZooKeeperServerMain)
[2018-03-04 23:42:29,321] INFO Server environment:zookeeper.version=3.4.10-39d3a4f269333c922ed3db283be479f9deacaa0f, built on 03/23/2017 10:13 GMT (org.apache.zookeeper.server.ZooKeeperServer)
[2018-03-04 23:42:29,322] INFO Server environment:host.name=kafkamahua (org.apache.zookeeper.server.ZooKeeperServer)
[2018-03-04 23:42:29,323] INFO Server environment:java.version=1.8.0_151 (org.apache.zookeeper.server.ZooKeeperServer)
[2018-03-04 23:42:29,323] INFO Server environment:java.vendor=Oracle Corporation (org.apache.zookeeper.server.ZooKeeperServer)
[2018-03-04 23:42:29,323] INFO Server environment:java.home=/usr/lib/jvm/java-1.8.0-openjdk-1.8.0.151-1.b12.fc25.x86_64/jre (org.apache.zookeeper.server.ZooKeeperServer)
[2018-03-04 23:42:29,324] INFO Server environment:java.class.path=:/opt/kafkasetup/software/kafka_2.12-1.0.0_standalone/bin/../libs/aopalliance-repackaged-2.5.0-b32.jar:/opt/kafkasetup/software/kafka_2.12-1.0.0_standalone/bin/../libs/argparse4j-0.7.0.jar:/opt/kafkasetup/software/kafka_2.12-1.0.0_standalone/bin/../libs/commons-lang3-3.5.jar:/opt/kafkasetup/software/kafka_2.12-1.0.0_standalone/bin/../libs/connect-api-1.0.0.jar:/opt/kafkasetup/software/kafka_2.12-1.0.0_standalone/bin/../libs/connect-file-1.0.0.jar:/opt/kafkasetup/software/kafka_2.12-1.0.0_standalone/bin/../libs/connect-json-1.0.0.jar:/opt/kafkasetup/software/kafka_2.12-1.0.0_standalone/bin/../libs/connect-runtime-1.0.0.jar:/opt/kafkasetup/software/kafka_2.12-1.0.0_standalone/bin/../libs/connect-transforms-1.0.0.jar:/opt/kafkasetup/software/kafka_2.12-1.0.0_standalone/bin/../libs/guava-20.0.jar:/opt/kafkasetup/software/kafka_2.12-1.0.0_standalone/bin/../libs/hk2-api-2.5.0-b32.jar:/opt/kafkasetup/software/kafka_2.12-1.0.0_standalone/bin/../libs/hk2-locator-2.5.0-b32.jar:/opt/kafkasetup/software/kafka_2.12-1.0.0_standalone/bin/../libs/hk2-utils-2.5.0-b32.jar:/opt/kafkasetup/software/kafka_2.12-1.0.0_standalone/bin/../libs/jackson-annotations-2.9.1.jar:/opt/kafkasetup/software/kafka_2.12-1.0.0_standalone/bin/../libs/jackson-core-2.9.1.jar:/opt/kafkasetup/software/kafka_2.12-1.0.0_standalone/bin/../libs/jackson-databind-2.9.1.jar:/opt/kafkasetup/software/kafka_2.12-1.0.0_standalone/bin/../libs/jackson-jaxrs-base-2.9.1.jar:/opt/kafkasetup/software/kafka_2.12-1.0.0_standalone/bin/../libs/jackson-jaxrs-json-provider-2.9.1.jar:/opt/kafkasetup/software/kafka_2.12-1.0.0_standalone/bin/../libs/jackson-module-jaxb-annotations-2.9.1.jar:/opt/kafkasetup/software/kafka_2.12-1.0.0_standalone/bin/../libs/javassist-3.20.0-GA.jar:/opt/kafkasetup/software/kafka_2.12-1.0.0_standalone/bin/../libs/javassist-3.21.0-GA.jar:/opt/kafkasetup/software/kafka_2.12-1.0.0_standalone/bin/../libs/javax.annotation-api-1.2.jar:/opt/kafkasetup/software/kafka_2.12-1.0.0_standalone/bin/../libs/javax.inject-1.jar:/opt/kafkasetup/software/kafka_2.12-1.0.0_standalone/bin/../libs/javax.inject-2.5.0-b32.jar:/opt/kafkasetup/software/kafka_2.12-1.0.0_standalone/bin/../libs/javax.servlet-api-3.1.0.jar:/opt/kafkasetup/software/kafka_2.12-1.0.0_standalone/bin/../libs/javax.ws.rs-api-2.0.1.jar:/opt/kafkasetup/software/kafka_2.12-1.0.0_standalone/bin/../libs/jersey-client-2.25.1.jar:/opt/kafkasetup/software/kafka_2.12-1.0.0_standalone/bin/../libs/jersey-common-2.25.1.jar:/opt/kafkasetup/software/kafka_2.12-1.0.0_standalone/bin/../libs/jersey-container-servlet-2.25.1.jar:/opt/kafkasetup/software/kafka_2.12-1.0.0_standalone/bin/../libs/jersey-container-servlet-core-2.25.1.jar:/opt/kafkasetup/software/kafka_2.12-1.0.0_standalone/bin/../libs/jersey-guava-2.25.1.jar:/opt/kafkasetup/software/kafka_2.12-1.0.0_standalone/bin/../libs/jersey-media-jaxb-2.25.1.jar:/opt/kafkasetup/software/kafka_2.12-1.0.0_standalone/bin/../libs/jersey-server-2.25.1.jar:/opt/kafkasetup/software/kafka_2.12-1.0.0_standalone/bin/../libs/jetty-continuation-9.2.22.v20170606.jar:/opt/kafkasetup/software/kafka_2.12-1.0.0_standalone/bin/../libs/jetty-http-9.2.22.v20170606.jar:/opt/kafkasetup/software/kafka_2.12-1.0.0_standalone/bin/../libs/jetty-io-9.2.22.v20170606.jar:/opt/kafkasetup/software/kafka_2.12-1.0.0_standalone/bin/../libs/jetty-security-9.2.22.v20170606.jar:/opt/kafkasetup/software/kafka_2.12-1.0.0_standalone/bin/../libs/jetty-server-9.2.22.v20170606.jar:/opt/kafkasetup/software/kafka_2.12-1.0.0_standalone/bin/../libs/jetty-servlet-9.2.22.v20170606.jar:/opt/kafkasetup/software/kafka_2.12-1.0.0_standalone/bin/../libs/jetty-servlets-9.2.22.v20170606.jar:/opt/kafkasetup/software/kafka_2.12-1.0.0_standalone/bin/../libs/jetty-util-9.2.22.v20170606.jar:/opt/kafkasetup/software/kafka_2.12-1.0.0_standalone/bin/../libs/jopt-simple-5.0.4.jar:/opt/kafkasetup/software/kafka_2.12-1.0.0_standalone/bin/../libs/kafka-clients-1.0.0.jar:/opt/kafkasetup/software/kafka_2.12-1.0.0_standalone/bin/../libs/kafka-log4j-appender-1.0.0.jar:/opt/kafkasetup/software/kafka_2.12-1.0.0_standalone/bin/../libs/kafka-streams-1.0.0.jar:/opt/kafkasetup/software/kafka_2.12-1.0.0_standalone/bin/../libs/kafka-streams-examples-1.0.0.jar:/opt/kafkasetup/software/kafka_2.12-1.0.0_standalone/bin/../libs/kafka-tools-1.0.0.jar:/opt/kafkasetup/software/kafka_2.12-1.0.0_standalone/bin/../libs/kafka_2.12-1.0.0-sources.jar:/opt/kafkasetup/software/kafka_2.12-1.0.0_standalone/bin/../libs/kafka_2.12-1.0.0-test-sources.jar:/opt/kafkasetup/software/kafka_2.12-1.0.0_standalone/bin/../libs/kafka_2.12-1.0.0.jar:/opt/kafkasetup/software/kafka_2.12-1.0.0_standalone/bin/../libs/log4j-1.2.17.jar:/opt/kafkasetup/software/kafka_2.12-1.0.0_standalone/bin/../libs/lz4-java-1.4.jar:/opt/kafkasetup/software/kafka_2.12-1.0.0_standalone/bin/../libs/maven-artifact-3.5.0.jar:/opt/kafkasetup/software/kafka_2.12-1.0.0_standalone/bin/../libs/metrics-core-2.2.0.jar:/opt/kafkasetup/software/kafka_2.12-1.0.0_standalone/bin/../libs/osgi-resource-locator-1.0.1.jar:/opt/kafkasetup/software/kafka_2.12-1.0.0_standalone/bin/../libs/plexus-utils-3.0.24.jar:/opt/kafkasetup/software/kafka_2.12-1.0.0_standalone/bin/../libs/reflections-0.9.11.jar:/opt/kafkasetup/software/kafka_2.12-1.0.0_standalone/bin/../libs/rocksdbjni-5.7.3.jar:/opt/kafkasetup/software/kafka_2.12-1.0.0_standalone/bin/../libs/scala-library-2.12.3.jar:/opt/kafkasetup/software/kafka_2.12-1.0.0_standalone/bin/../libs/slf4j-api-1.7.25.jar:/opt/kafkasetup/software/kafka_2.12-1.0.0_standalone/bin/../libs/slf4j-log4j12-1.7.25.jar:/opt/kafkasetup/software/kafka_2.12-1.0.0_standalone/bin/../libs/snappy-java-1.1.4.jar:/opt/kafkasetup/software/kafka_2.12-1.0.0_standalone/bin/../libs/validation-api-1.1.0.Final.jar:/opt/kafkasetup/software/kafka_2.12-1.0.0_standalone/bin/../libs/zkclient-0.10.jar:/opt/kafkasetup/software/kafka_2.12-1.0.0_standalone/bin/../libs/zookeeper-3.4.10.jar (org.apache.zookeeper.server.ZooKeeperServer)
[2018-03-04 23:42:29,326] INFO Server environment:java.library.path=/usr/java/packages/lib/amd64:/usr/lib64:/lib64:/lib:/usr/lib (org.apache.zookeeper.server.ZooKeeperServer)
[2018-03-04 23:42:29,326] INFO Server environment:java.io.tmpdir=/tmp (org.apache.zookeeper.server.ZooKeeperServer)
[2018-03-04 23:42:29,326] INFO Server environment:java.compiler=<NA> (org.apache.zookeeper.server.ZooKeeperServer)
[2018-03-04 23:42:29,327] INFO Server environment:os.name=Linux (org.apache.zookeeper.server.ZooKeeperServer)
[2018-03-04 23:42:29,327] INFO Server environment:os.arch=amd64 (org.apache.zookeeper.server.ZooKeeperServer)
[2018-03-04 23:42:29,327] INFO Server environment:os.version=4.8.6-300.fc25.x86_64 (org.apache.zookeeper.server.ZooKeeperServer)
[2018-03-04 23:42:29,327] INFO Server environment:user.name=root (org.apache.zookeeper.server.ZooKeeperServer)
[2018-03-04 23:42:29,328] INFO Server environment:user.home=/root (org.apache.zookeeper.server.ZooKeeperServer)
[2018-03-04 23:42:29,328] INFO Server environment:user.dir=/opt/kafkasetup/software/kafka_2.12-1.0.0_standalone (org.apache.zookeeper.server.ZooKeeperServer)
[2018-03-04 23:42:29,355] INFO tickTime set to 3000 (org.apache.zookeeper.server.ZooKeeperServer)
[2018-03-04 23:42:29,356] INFO minSessionTimeout set to -1 (org.apache.zookeeper.server.ZooKeeperServer)
[2018-03-04 23:42:29,356] INFO maxSessionTimeout set to -1 (org.apache.zookeeper.server.ZooKeeperServer)
[2018-03-04 23:42:29,401] INFO binding to port 0.0.0.0/0.0.0.0:2181 (org.apache.zookeeper.server.NIOServerCnxnFactory)
[2018-03-05 04:18:55,565] INFO Accepted socket connection from /0:0:0:0:0:0:0:1:37888 (org.apache.zookeeper.server.NIOServerCnxnFactory)
[2018-03-05 04:18:55,622] INFO Client attempting to establish new session at /0:0:0:0:0:0:0:1:37888 (org.apache.zookeeper.server.ZooKeeperServer)
[2018-03-05 04:18:55,642] INFO Creating new log file: log.1 (org.apache.zookeeper.server.persistence.FileTxnLog)
[2018-03-05 04:18:56,014] INFO Established session 0x161f3652c4a0000 with negotiated timeout 6000 for client /0:0:0:0:0:0:0:1:37888 (org.apache.zookeeper.server.ZooKeeperServer)
[2018-03-05 04:18:57,501] INFO Got user-level KeeperException when processing sessionid:0x161f3652c4a0000 type:create cxid:0x5 zxid:0x3 txntype:-1 reqpath:n/a Error Path:/brokers Error:KeeperErrorCode = NoNode for /brokers (org.apache.zookeeper.server.PrepRequestProcessor)
[2018-03-05 04:18:57,586] INFO Got user-level KeeperException when processing sessionid:0x161f3652c4a0000 type:create cxid:0xb zxid:0x7 txntype:-1 reqpath:n/a Error Path:/config Error:KeeperErrorCode = NoNode for /config (org.apache.zookeeper.server.PrepRequestProcessor)
[2018-03-05 04:18:57,636] INFO Got user-level KeeperException when processing sessionid:0x161f3652c4a0000 type:create cxid:0x13 zxid:0xc txntype:-1 reqpath:n/a Error Path:/admin Error:KeeperErrorCode = NoNode for /admin (org.apache.zookeeper.server.PrepRequestProcessor)
[2018-03-05 04:18:59,397] INFO Got user-level KeeperException when processing sessionid:0x161f3652c4a0000 type:create cxid:0x1f zxid:0x13 txntype:-1 reqpath:n/a Error Path:/cluster Error:KeeperErrorCode = NoNode for /cluster (org.apache.zookeeper.server.PrepRequestProcessor)
[2018-03-05 04:19:06,687] WARN caught end of stream exception (org.apache.zookeeper.server.NIOServerCnxn)
EndOfStreamException: Unable to read additional data from client sessionid 0x161f3652c4a0000, likely client has closed socket
	at org.apache.zookeeper.server.NIOServerCnxn.doIO(NIOServerCnxn.java:239)
	at org.apache.zookeeper.server.NIOServerCnxnFactory.run(NIOServerCnxnFactory.java:203)
	at java.lang.Thread.run(Thread.java:748)
[2018-03-05 04:19:06,762] INFO Closed socket connection for client /0:0:0:0:0:0:0:1:37888 which had sessionid 0x161f3652c4a0000 (org.apache.zookeeper.server.NIOServerCnxn)
[2018-03-05 04:19:06,857] INFO Accepted socket connection from /127.0.0.1:35486 (org.apache.zookeeper.server.NIOServerCnxnFactory)
[2018-03-05 04:19:06,860] INFO Client attempting to renew session 0x161f3652c4a0000 at /127.0.0.1:35486 (org.apache.zookeeper.server.ZooKeeperServer)
[2018-03-05 04:19:06,871] INFO Established session 0x161f3652c4a0000 with negotiated timeout 6000 for client /127.0.0.1:35486 (org.apache.zookeeper.server.ZooKeeperServer)
[2018-03-05 04:19:09,687] INFO Got user-level KeeperException when processing sessionid:0x161f3652c4a0000 type:setData cxid:0x2a zxid:0x17 txntype:-1 reqpath:n/a Error Path:/controller_epoch Error:KeeperErrorCode = NoNode for /controller_epoch (org.apache.zookeeper.server.PrepRequestProcessor)
[2018-03-05 04:19:10,422] INFO Got user-level KeeperException when processing sessionid:0x161f3652c4a0000 type:delete cxid:0x4a zxid:0x1a txntype:-1 reqpath:n/a Error Path:/admin/preferred_replica_election Error:KeeperErrorCode = NoNode for /admin/preferred_replica_election (org.apache.zookeeper.server.PrepRequestProcessor)
[2018-03-05 04:19:10,427] INFO Got user-level KeeperException when processing sessionid:0x161f3652c4a0000 type:create cxid:0x4b zxid:0x1b txntype:-1 reqpath:n/a Error Path:/brokers Error:KeeperErrorCode = NodeExists for /brokers (org.apache.zookeeper.server.PrepRequestProcessor)
[2018-03-05 04:19:10,431] INFO Got user-level KeeperException when processing sessionid:0x161f3652c4a0000 type:create cxid:0x4c zxid:0x1c txntype:-1 reqpath:n/a Error Path:/brokers/ids Error:KeeperErrorCode = NodeExists for /brokers/ids (org.apache.zookeeper.server.PrepRequestProcessor)
[2018-03-05 04:19:21,440] INFO Processed session termination for sessionid: 0x161f3652c4a0000 (org.apache.zookeeper.server.PrepRequestProcessor)
[2018-03-05 04:19:21,452] INFO Closed socket connection for client /127.0.0.1:35486 which had sessionid 0x161f3652c4a0000 (org.apache.zookeeper.server.NIOServerCnxn)
[2018-03-05 04:19:39,358] INFO Accepted socket connection from /127.0.0.1:35492 (org.apache.zookeeper.server.NIOServerCnxnFactory)
[2018-03-05 04:19:39,374] INFO Client attempting to establish new session at /127.0.0.1:35492 (org.apache.zookeeper.server.ZooKeeperServer)
[2018-03-05 04:19:39,433] INFO Established session 0x161f3652c4a0001 with negotiated timeout 6000 for client /127.0.0.1:35492 (org.apache.zookeeper.server.ZooKeeperServer)
[2018-03-05 04:19:43,454] INFO Got user-level KeeperException when processing sessionid:0x161f3652c4a0001 type:create cxid:0x35 zxid:0x23 txntype:-1 reqpath:n/a Error Path:/brokers Error:KeeperErrorCode = NodeExists for /brokers (org.apache.zookeeper.server.PrepRequestProcessor)
[2018-03-05 04:19:43,455] INFO Got user-level KeeperException when processing sessionid:0x161f3652c4a0001 type:create cxid:0x36 zxid:0x24 txntype:-1 reqpath:n/a Error Path:/brokers/ids Error:KeeperErrorCode = NodeExists for /brokers/ids (org.apache.zookeeper.server.PrepRequestProcessor)
[2018-03-05 04:19:43,456] INFO Got user-level KeeperException when processing sessionid:0x161f3652c4a0001 type:delete cxid:0x38 zxid:0x26 txntype:-1 reqpath:n/a Error Path:/admin/preferred_replica_election Error:KeeperErrorCode = NoNode for /admin/preferred_replica_election (org.apache.zookeeper.server.PrepRequestProcessor)
[2018-03-05 17:36:43,222] INFO Accepted socket connection from /127.0.0.1:35506 (org.apache.zookeeper.server.NIOServerCnxnFactory)
[2018-03-05 17:36:43,251] INFO Client attempting to establish new session at /127.0.0.1:35506 (org.apache.zookeeper.server.ZooKeeperServer)
[2018-03-05 17:36:43,270] INFO Established session 0x161f3652c4a0002 with negotiated timeout 30000 for client /127.0.0.1:35506 (org.apache.zookeeper.server.ZooKeeperServer)
[2018-03-05 17:36:45,148] INFO Got user-level KeeperException when processing sessionid:0x161f3652c4a0002 type:setData cxid:0x4 zxid:0x28 txntype:-1 reqpath:n/a Error Path:/config/topics/mahuatopic Error:KeeperErrorCode = NoNode for /config/topics/mahuatopic (org.apache.zookeeper.server.PrepRequestProcessor)
[2018-03-05 17:36:45,230] INFO Got user-level KeeperException when processing sessionid:0x161f3652c4a0002 type:create cxid:0x6 zxid:0x29 txntype:-1 reqpath:n/a Error Path:/config/topics Error:KeeperErrorCode = NodeExists for /config/topics (org.apache.zookeeper.server.PrepRequestProcessor)
[2018-03-05 17:36:45,306] INFO Processed session termination for sessionid: 0x161f3652c4a0002 (org.apache.zookeeper.server.PrepRequestProcessor)
[2018-03-05 17:36:45,311] INFO Closed socket connection for client /127.0.0.1:35506 which had sessionid 0x161f3652c4a0002 (org.apache.zookeeper.server.NIOServerCnxn)
[2018-03-05 17:36:45,531] INFO Got user-level KeeperException when processing sessionid:0x161f3652c4a0001 type:create cxid:0x43 zxid:0x2d txntype:-1 reqpath:n/a Error Path:/brokers/topics/mahuatopic/partitions/0 Error:KeeperErrorCode = NoNode for /brokers/topics/mahuatopic/partitions/0 (org.apache.zookeeper.server.PrepRequestProcessor)
[2018-03-05 17:36:45,542] INFO Got user-level KeeperException when processing sessionid:0x161f3652c4a0001 type:create cxid:0x44 zxid:0x2e txntype:-1 reqpath:n/a Error Path:/brokers/topics/mahuatopic/partitions Error:KeeperErrorCode = NoNode for /brokers/topics/mahuatopic/partitions (org.apache.zookeeper.server.PrepRequestProcessor)
[2018-03-05 17:37:21,254] INFO Accepted socket connection from /0:0:0:0:0:0:0:1:37914 (org.apache.zookeeper.server.NIOServerCnxnFactory)
[2018-03-05 17:37:21,275] INFO Client attempting to establish new session at /0:0:0:0:0:0:0:1:37914 (org.apache.zookeeper.server.ZooKeeperServer)
[2018-03-05 17:37:21,282] INFO Established session 0x161f3652c4a0003 with negotiated timeout 30000 for client /0:0:0:0:0:0:0:1:37914 (org.apache.zookeeper.server.ZooKeeperServer)
[2018-03-05 17:37:21,729] INFO Processed session termination for sessionid: 0x161f3652c4a0003 (org.apache.zookeeper.server.PrepRequestProcessor)
[2018-03-05 17:37:21,735] INFO Closed socket connection for client /0:0:0:0:0:0:0:1:37914 which had sessionid 0x161f3652c4a0003 (org.apache.zookeeper.server.NIOServerCnxn)
[2018-03-05 17:54:29,922] INFO Got user-level KeeperException when processing sessionid:0x161f3652c4a0001 type:setData cxid:0x4d zxid:0x34 txntype:-1 reqpath:n/a Error Path:/config/topics/__consumer_offsets Error:KeeperErrorCode = NoNode for /config/topics/__consumer_offsets (org.apache.zookeeper.server.PrepRequestProcessor)
[2018-03-05 17:54:29,929] INFO Got user-level KeeperException when processing sessionid:0x161f3652c4a0001 type:create cxid:0x4e zxid:0x35 txntype:-1 reqpath:n/a Error Path:/config/topics Error:KeeperErrorCode = NodeExists for /config/topics (org.apache.zookeeper.server.PrepRequestProcessor)
[2018-03-05 17:54:30,478] INFO Got user-level KeeperException when processing sessionid:0x161f3652c4a0001 type:create cxid:0x93 zxid:0x38 txntype:-1 reqpath:n/a Error Path:/brokers/topics/__consumer_offsets/partitions/19 Error:KeeperErrorCode = NoNode for /brokers/topics/__consumer_offsets/partitions/19 (org.apache.zookeeper.server.PrepRequestProcessor)
[2018-03-05 17:54:30,483] INFO Got user-level KeeperException when processing sessionid:0x161f3652c4a0001 type:create cxid:0x94 zxid:0x39 txntype:-1 reqpath:n/a Error Path:/brokers/topics/__consumer_offsets/partitions Error:KeeperErrorCode = NoNode for /brokers/topics/__consumer_offsets/partitions (org.apache.zookeeper.server.PrepRequestProcessor)
[2018-03-05 17:54:30,506] INFO Got user-level KeeperException when processing sessionid:0x161f3652c4a0001 type:create cxid:0x98 zxid:0x3d txntype:-1 reqpath:n/a Error Path:/brokers/topics/__consumer_offsets/partitions/30 Error:KeeperErrorCode = NoNode for /brokers/topics/__consumer_offsets/partitions/30 (org.apache.zookeeper.server.PrepRequestProcessor)
[2018-03-05 17:54:30,570] INFO Got user-level KeeperException when processing sessionid:0x161f3652c4a0001 type:create cxid:0x9d zxid:0x40 txntype:-1 reqpath:n/a Error Path:/brokers/topics/__consumer_offsets/partitions/47 Error:KeeperErrorCode = NoNode for /brokers/topics/__consumer_offsets/partitions/47 (org.apache.zookeeper.server.PrepRequestProcessor)
[2018-03-05 17:54:30,603] INFO Got user-level KeeperException when processing sessionid:0x161f3652c4a0001 type:create cxid:0xa1 zxid:0x43 txntype:-1 reqpath:n/a Error Path:/brokers/topics/__consumer_offsets/partitions/29 Error:KeeperErrorCode = NoNode for /brokers/topics/__consumer_offsets/partitions/29 (org.apache.zookeeper.server.PrepRequestProcessor)
[2018-03-05 17:54:30,622] INFO Got user-level KeeperException when processing sessionid:0x161f3652c4a0001 type:create cxid:0xa4 zxid:0x46 txntype:-1 reqpath:n/a Error Path:/brokers/topics/__consumer_offsets/partitions/41 Error:KeeperErrorCode = NoNode for /brokers/topics/__consumer_offsets/partitions/41 (org.apache.zookeeper.server.PrepRequestProcessor)
[2018-03-05 17:54:30,645] INFO Got user-level KeeperException when processing sessionid:0x161f3652c4a0001 type:create cxid:0xa7 zxid:0x49 txntype:-1 reqpath:n/a Error Path:/brokers/topics/__consumer_offsets/partitions/39 Error:KeeperErrorCode = NoNode for /brokers/topics/__consumer_offsets/partitions/39 (org.apache.zookeeper.server.PrepRequestProcessor)
[2018-03-05 17:54:30,685] INFO Got user-level KeeperException when processing sessionid:0x161f3652c4a0001 type:create cxid:0xac zxid:0x4c txntype:-1 reqpath:n/a Error Path:/brokers/topics/__consumer_offsets/partitions/10 Error:KeeperErrorCode = NoNode for /brokers/topics/__consumer_offsets/partitions/10 (org.apache.zookeeper.server.PrepRequestProcessor)
[2018-03-05 17:54:30,757] INFO Got user-level KeeperException when processing sessionid:0x161f3652c4a0001 type:create cxid:0xb0 zxid:0x4f txntype:-1 reqpath:n/a Error Path:/brokers/topics/__consumer_offsets/partitions/17 Error:KeeperErrorCode = NoNode for /brokers/topics/__consumer_offsets/partitions/17 (org.apache.zookeeper.server.PrepRequestProcessor)
[2018-03-05 17:54:30,788] INFO Got user-level KeeperException when processing sessionid:0x161f3652c4a0001 type:create cxid:0xb5 zxid:0x52 txntype:-1 reqpath:n/a Error Path:/brokers/topics/__consumer_offsets/partitions/14 Error:KeeperErrorCode = NoNode for /brokers/topics/__consumer_offsets/partitions/14 (org.apache.zookeeper.server.PrepRequestProcessor)
[2018-03-05 17:54:30,821] INFO Got user-level KeeperException when processing sessionid:0x161f3652c4a0001 type:create cxid:0xb9 zxid:0x55 txntype:-1 reqpath:n/a Error Path:/brokers/topics/__consumer_offsets/partitions/40 Error:KeeperErrorCode = NoNode for /brokers/topics/__consumer_offsets/partitions/40 (org.apache.zookeeper.server.PrepRequestProcessor)
[2018-03-05 17:54:30,840] INFO Got user-level KeeperException when processing sessionid:0x161f3652c4a0001 type:create cxid:0xbc zxid:0x58 txntype:-1 reqpath:n/a Error Path:/brokers/topics/__consumer_offsets/partitions/18 Error:KeeperErrorCode = NoNode for /brokers/topics/__consumer_offsets/partitions/18 (org.apache.zookeeper.server.PrepRequestProcessor)
[2018-03-05 17:54:30,856] INFO Got user-level KeeperException when processing sessionid:0x161f3652c4a0001 type:create cxid:0xbf zxid:0x5b txntype:-1 reqpath:n/a Error Path:/brokers/topics/__consumer_offsets/partitions/26 Error:KeeperErrorCode = NoNode for /brokers/topics/__consumer_offsets/partitions/26 (org.apache.zookeeper.server.PrepRequestProcessor)
[2018-03-05 17:54:30,897] INFO Got user-level KeeperException when processing sessionid:0x161f3652c4a0001 type:create cxid:0xc4 zxid:0x5e txntype:-1 reqpath:n/a Error Path:/brokers/topics/__consumer_offsets/partitions/0 Error:KeeperErrorCode = NoNode for /brokers/topics/__consumer_offsets/partitions/0 (org.apache.zookeeper.server.PrepRequestProcessor)
[2018-03-05 17:54:30,919] INFO Got user-level KeeperException when processing sessionid:0x161f3652c4a0001 type:create cxid:0xc8 zxid:0x61 txntype:-1 reqpath:n/a Error Path:/brokers/topics/__consumer_offsets/partitions/24 Error:KeeperErrorCode = NoNode for /brokers/topics/__consumer_offsets/partitions/24 (org.apache.zookeeper.server.PrepRequestProcessor)
[2018-03-05 17:54:30,935] INFO Got user-level KeeperException when processing sessionid:0x161f3652c4a0001 type:create cxid:0xcb zxid:0x64 txntype:-1 reqpath:n/a Error Path:/brokers/topics/__consumer_offsets/partitions/33 Error:KeeperErrorCode = NoNode for /brokers/topics/__consumer_offsets/partitions/33 (org.apache.zookeeper.server.PrepRequestProcessor)
[2018-03-05 17:54:30,951] INFO Got user-level KeeperException when processing sessionid:0x161f3652c4a0001 type:create cxid:0xce zxid:0x67 txntype:-1 reqpath:n/a Error Path:/brokers/topics/__consumer_offsets/partitions/20 Error:KeeperErrorCode = NoNode for /brokers/topics/__consumer_offsets/partitions/20 (org.apache.zookeeper.server.PrepRequestProcessor)
[2018-03-05 17:54:30,969] INFO Got user-level KeeperException when processing sessionid:0x161f3652c4a0001 type:create cxid:0xd1 zxid:0x6a txntype:-1 reqpath:n/a Error Path:/brokers/topics/__consumer_offsets/partitions/21 Error:KeeperErrorCode = NoNode for /brokers/topics/__consumer_offsets/partitions/21 (org.apache.zookeeper.server.PrepRequestProcessor)
[2018-03-05 17:54:31,017] INFO Got user-level KeeperException when processing sessionid:0x161f3652c4a0001 type:create cxid:0xd6 zxid:0x6d txntype:-1 reqpath:n/a Error Path:/brokers/topics/__consumer_offsets/partitions/3 Error:KeeperErrorCode = NoNode for /brokers/topics/__consumer_offsets/partitions/3 (org.apache.zookeeper.server.PrepRequestProcessor)
[2018-03-05 17:54:31,037] INFO Got user-level KeeperException when processing sessionid:0x161f3652c4a0001 type:create cxid:0xda zxid:0x70 txntype:-1 reqpath:n/a Error Path:/brokers/topics/__consumer_offsets/partitions/5 Error:KeeperErrorCode = NoNode for /brokers/topics/__consumer_offsets/partitions/5 (org.apache.zookeeper.server.PrepRequestProcessor)
[2018-03-05 17:54:31,054] INFO Got user-level KeeperException when processing sessionid:0x161f3652c4a0001 type:create cxid:0xdd zxid:0x73 txntype:-1 reqpath:n/a Error Path:/brokers/topics/__consumer_offsets/partitions/22 Error:KeeperErrorCode = NoNode for /brokers/topics/__consumer_offsets/partitions/22 (org.apache.zookeeper.server.PrepRequestProcessor)
[2018-03-05 17:54:31,073] INFO Got user-level KeeperException when processing sessionid:0x161f3652c4a0001 type:create cxid:0xe0 zxid:0x76 txntype:-1 reqpath:n/a Error Path:/brokers/topics/__consumer_offsets/partitions/12 Error:KeeperErrorCode = NoNode for /brokers/topics/__consumer_offsets/partitions/12 (org.apache.zookeeper.server.PrepRequestProcessor)
[2018-03-05 17:54:31,115] INFO Got user-level KeeperException when processing sessionid:0x161f3652c4a0001 type:create cxid:0xe3 zxid:0x79 txntype:-1 reqpath:n/a Error Path:/brokers/topics/__consumer_offsets/partitions/8 Error:KeeperErrorCode = NoNode for /brokers/topics/__consumer_offsets/partitions/8 (org.apache.zookeeper.server.PrepRequestProcessor)
[2018-03-05 17:54:31,147] INFO Got user-level KeeperException when processing sessionid:0x161f3652c4a0001 type:create cxid:0xe9 zxid:0x7c txntype:-1 reqpath:n/a Error Path:/brokers/topics/__consumer_offsets/partitions/23 Error:KeeperErrorCode = NoNode for /brokers/topics/__consumer_offsets/partitions/23 (org.apache.zookeeper.server.PrepRequestProcessor)
[2018-03-05 17:54:31,179] INFO Got user-level KeeperException when processing sessionid:0x161f3652c4a0001 type:create cxid:0xec zxid:0x7f txntype:-1 reqpath:n/a Error Path:/brokers/topics/__consumer_offsets/partitions/15 Error:KeeperErrorCode = NoNode for /brokers/topics/__consumer_offsets/partitions/15 (org.apache.zookeeper.server.PrepRequestProcessor)
[2018-03-05 17:54:31,217] INFO Got user-level KeeperException when processing sessionid:0x161f3652c4a0001 type:create cxid:0xef zxid:0x82 txntype:-1 reqpath:n/a Error Path:/brokers/topics/__consumer_offsets/partitions/48 Error:KeeperErrorCode = NoNode for /brokers/topics/__consumer_offsets/partitions/48 (org.apache.zookeeper.server.PrepRequestProcessor)
[2018-03-05 17:54:31,256] INFO Got user-level KeeperException when processing sessionid:0x161f3652c4a0001 type:create cxid:0xf5 zxid:0x85 txntype:-1 reqpath:n/a Error Path:/brokers/topics/__consumer_offsets/partitions/11 Error:KeeperErrorCode = NoNode for /brokers/topics/__consumer_offsets/partitions/11 (org.apache.zookeeper.server.PrepRequestProcessor)
[2018-03-05 17:54:31,294] INFO Got user-level KeeperException when processing sessionid:0x161f3652c4a0001 type:create cxid:0xf8 zxid:0x88 txntype:-1 reqpath:n/a Error Path:/brokers/topics/__consumer_offsets/partitions/13 Error:KeeperErrorCode = NoNode for /brokers/topics/__consumer_offsets/partitions/13 (org.apache.zookeeper.server.PrepRequestProcessor)
[2018-03-05 17:54:31,322] INFO Got user-level KeeperException when processing sessionid:0x161f3652c4a0001 type:create cxid:0xfb zxid:0x8b txntype:-1 reqpath:n/a Error Path:/brokers/topics/__consumer_offsets/partitions/49 Error:KeeperErrorCode = NoNode for /brokers/topics/__consumer_offsets/partitions/49 (org.apache.zookeeper.server.PrepRequestProcessor)
[2018-03-05 17:54:31,347] INFO Got user-level KeeperException when processing sessionid:0x161f3652c4a0001 type:create cxid:0x100 zxid:0x8e txntype:-1 reqpath:n/a Error Path:/brokers/topics/__consumer_offsets/partitions/6 Error:KeeperErrorCode = NoNode for /brokers/topics/__consumer_offsets/partitions/6 (org.apache.zookeeper.server.PrepRequestProcessor)
[2018-03-05 17:54:31,373] INFO Got user-level KeeperException when processing sessionid:0x161f3652c4a0001 type:create cxid:0x104 zxid:0x91 txntype:-1 reqpath:n/a Error Path:/brokers/topics/__consumer_offsets/partitions/28 Error:KeeperErrorCode = NoNode for /brokers/topics/__consumer_offsets/partitions/28 (org.apache.zookeeper.server.PrepRequestProcessor)
[2018-03-05 17:54:31,388] INFO Got user-level KeeperException when processing sessionid:0x161f3652c4a0001 type:create cxid:0x107 zxid:0x94 txntype:-1 reqpath:n/a Error Path:/brokers/topics/__consumer_offsets/partitions/4 Error:KeeperErrorCode = NoNode for /brokers/topics/__consumer_offsets/partitions/4 (org.apache.zookeeper.server.PrepRequestProcessor)
[2018-03-05 17:54:31,406] INFO Got user-level KeeperException when processing sessionid:0x161f3652c4a0001 type:create cxid:0x10a zxid:0x97 txntype:-1 reqpath:n/a Error Path:/brokers/topics/__consumer_offsets/partitions/37 Error:KeeperErrorCode = NoNode for /brokers/topics/__consumer_offsets/partitions/37 (org.apache.zookeeper.server.PrepRequestProcessor)
[2018-03-05 17:54:31,422] INFO Got user-level KeeperException when processing sessionid:0x161f3652c4a0001 type:create cxid:0x10d zxid:0x9a txntype:-1 reqpath:n/a Error Path:/brokers/topics/__consumer_offsets/partitions/31 Error:KeeperErrorCode = NoNode for /brokers/topics/__consumer_offsets/partitions/31 (org.apache.zookeeper.server.PrepRequestProcessor)
[2018-03-05 17:54:31,469] INFO Got user-level KeeperException when processing sessionid:0x161f3652c4a0001 type:create cxid:0x113 zxid:0x9d txntype:-1 reqpath:n/a Error Path:/brokers/topics/__consumer_offsets/partitions/44 Error:KeeperErrorCode = NoNode for /brokers/topics/__consumer_offsets/partitions/44 (org.apache.zookeeper.server.PrepRequestProcessor)
[2018-03-05 17:54:31,490] INFO Got user-level KeeperException when processing sessionid:0x161f3652c4a0001 type:create cxid:0x116 zxid:0xa0 txntype:-1 reqpath:n/a Error Path:/brokers/topics/__consumer_offsets/partitions/42 Error:KeeperErrorCode = NoNode for /brokers/topics/__consumer_offsets/partitions/42 (org.apache.zookeeper.server.PrepRequestProcessor)
[2018-03-05 17:54:31,506] INFO Got user-level KeeperException when processing sessionid:0x161f3652c4a0001 type:create cxid:0x119 zxid:0xa3 txntype:-1 reqpath:n/a Error Path:/brokers/topics/__consumer_offsets/partitions/34 Error:KeeperErrorCode = NoNode for /brokers/topics/__consumer_offsets/partitions/34 (org.apache.zookeeper.server.PrepRequestProcessor)
[2018-03-05 17:54:31,521] INFO Got user-level KeeperException when processing sessionid:0x161f3652c4a0001 type:create cxid:0x11c zxid:0xa6 txntype:-1 reqpath:n/a Error Path:/brokers/topics/__consumer_offsets/partitions/46 Error:KeeperErrorCode = NoNode for /brokers/topics/__consumer_offsets/partitions/46 (org.apache.zookeeper.server.PrepRequestProcessor)
[2018-03-05 17:54:31,542] INFO Got user-level KeeperException when processing sessionid:0x161f3652c4a0001 type:create cxid:0x11f zxid:0xa9 txntype:-1 reqpath:n/a Error Path:/brokers/topics/__consumer_offsets/partitions/25 Error:KeeperErrorCode = NoNode for /brokers/topics/__consumer_offsets/partitions/25 (org.apache.zookeeper.server.PrepRequestProcessor)
[2018-03-05 17:54:31,573] INFO Got user-level KeeperException when processing sessionid:0x161f3652c4a0001 type:create cxid:0x124 zxid:0xac txntype:-1 reqpath:n/a Error Path:/brokers/topics/__consumer_offsets/partitions/45 Error:KeeperErrorCode = NoNode for /brokers/topics/__consumer_offsets/partitions/45 (org.apache.zookeeper.server.PrepRequestProcessor)
[2018-03-05 17:54:31,594] INFO Got user-level KeeperException when processing sessionid:0x161f3652c4a0001 type:create cxid:0x128 zxid:0xaf txntype:-1 reqpath:n/a Error Path:/brokers/topics/__consumer_offsets/partitions/27 Error:KeeperErrorCode = NoNode for /brokers/topics/__consumer_offsets/partitions/27 (org.apache.zookeeper.server.PrepRequestProcessor)
[2018-03-05 17:54:31,614] INFO Got user-level KeeperException when processing sessionid:0x161f3652c4a0001 type:create cxid:0x12b zxid:0xb2 txntype:-1 reqpath:n/a Error Path:/brokers/topics/__consumer_offsets/partitions/32 Error:KeeperErrorCode = NoNode for /brokers/topics/__consumer_offsets/partitions/32 (org.apache.zookeeper.server.PrepRequestProcessor)
[2018-03-05 17:54:31,644] INFO Got user-level KeeperException when processing sessionid:0x161f3652c4a0001 type:create cxid:0x12e zxid:0xb5 txntype:-1 reqpath:n/a Error Path:/brokers/topics/__consumer_offsets/partitions/43 Error:KeeperErrorCode = NoNode for /brokers/topics/__consumer_offsets/partitions/43 (org.apache.zookeeper.server.PrepRequestProcessor)
[2018-03-05 17:54:31,679] INFO Got user-level KeeperException when processing sessionid:0x161f3652c4a0001 type:create cxid:0x133 zxid:0xb8 txntype:-1 reqpath:n/a Error Path:/brokers/topics/__consumer_offsets/partitions/36 Error:KeeperErrorCode = NoNode for /brokers/topics/__consumer_offsets/partitions/36 (org.apache.zookeeper.server.PrepRequestProcessor)
[2018-03-05 17:54:31,716] INFO Got user-level KeeperException when processing sessionid:0x161f3652c4a0001 type:create cxid:0x137 zxid:0xbb txntype:-1 reqpath:n/a Error Path:/brokers/topics/__consumer_offsets/partitions/35 Error:KeeperErrorCode = NoNode for /brokers/topics/__consumer_offsets/partitions/35 (org.apache.zookeeper.server.PrepRequestProcessor)
[2018-03-05 17:54:31,743] INFO Got user-level KeeperException when processing sessionid:0x161f3652c4a0001 type:create cxid:0x13a zxid:0xbe txntype:-1 reqpath:n/a Error Path:/brokers/topics/__consumer_offsets/partitions/7 Error:KeeperErrorCode = NoNode for /brokers/topics/__consumer_offsets/partitions/7 (org.apache.zookeeper.server.PrepRequestProcessor)
[2018-03-05 17:54:31,769] INFO Got user-level KeeperException when processing sessionid:0x161f3652c4a0001 type:create cxid:0x13d zxid:0xc1 txntype:-1 reqpath:n/a Error Path:/brokers/topics/__consumer_offsets/partitions/9 Error:KeeperErrorCode = NoNode for /brokers/topics/__consumer_offsets/partitions/9 (org.apache.zookeeper.server.PrepRequestProcessor)
[2018-03-05 17:54:31,792] INFO Got user-level KeeperException when processing sessionid:0x161f3652c4a0001 type:create cxid:0x143 zxid:0xc4 txntype:-1 reqpath:n/a Error Path:/brokers/topics/__consumer_offsets/partitions/38 Error:KeeperErrorCode = NoNode for /brokers/topics/__consumer_offsets/partitions/38 (org.apache.zookeeper.server.PrepRequestProcessor)
[2018-03-05 17:54:31,838] INFO Got user-level KeeperException when processing sessionid:0x161f3652c4a0001 type:create cxid:0x146 zxid:0xc7 txntype:-1 reqpath:n/a Error Path:/brokers/topics/__consumer_offsets/partitions/1 Error:KeeperErrorCode = NoNode for /brokers/topics/__consumer_offsets/partitions/1 (org.apache.zookeeper.server.PrepRequestProcessor)
[2018-03-05 17:54:31,857] INFO Got user-level KeeperException when processing sessionid:0x161f3652c4a0001 type:create cxid:0x149 zxid:0xca txntype:-1 reqpath:n/a Error Path:/brokers/topics/__consumer_offsets/partitions/16 Error:KeeperErrorCode = NoNode for /brokers/topics/__consumer_offsets/partitions/16 (org.apache.zookeeper.server.PrepRequestProcessor)
[2018-03-05 17:54:31,887] INFO Got user-level KeeperException when processing sessionid:0x161f3652c4a0001 type:create cxid:0x14d zxid:0xcd txntype:-1 reqpath:n/a Error Path:/brokers/topics/__consumer_offsets/partitions/2 Error:KeeperErrorCode = NoNode for /brokers/topics/__consumer_offsets/partitions/2 (org.apache.zookeeper.server.PrepRequestProcessor)
